[2024-11-21 17:51:47.847] [info]  APP version: 1.0.8
[2024-11-21 17:51:50.580] [info]  checking for update...
[2024-11-21 17:51:53.051] [info]  update-available
[2024-11-21 17:51:53.801] [info]  update-error: Error: Cannot download "https://github.com/datk00/electronJS/releases/download/v1.0.9/TIK-TOOL-Setup-1.0.9.exe", status 404: 
[2024-11-21 17:56:27.721] [info]  APP version: 1.0.8
[2024-11-21 17:56:30.453] [info]  checking for update...
[2024-11-21 17:56:33.221] [info]  update-available
[2024-11-21 17:56:35.491] [info]  download-progress
[2024-11-21 17:56:35.493] [info]  {
  total: 83738467,
  delta: 10452974,
  transferred: 10452974,
  percent: 12.48288197107788,
  bytesPerSecond: 10207982
}
[2024-11-21 17:56:36.515] [info]  download-progress
[2024-11-21 17:56:36.516] [info]  {
  total: 83738467,
  delta: 18386505,
  transferred: 28839479,
  percent: 34.43994144292133,
  bytesPerSecond: 14081777
}
[2024-11-21 17:56:37.516] [info]  download-progress
[2024-11-21 17:56:37.517] [info]  {
  total: 83738467,
  delta: 17379785,
  transferred: 46219264,
  percent: 55.19478162885404,
  bytesPerSecond: 15158827
}
[2024-11-21 17:56:38.569] [info]  download-progress
[2024-11-21 17:56:38.569] [info]  {
  total: 83738467,
  delta: 16711680,
  transferred: 62930944,
  percent: 75.15177463184274,
  bytesPerSecond: 15341527
}
[2024-11-21 17:56:39.569] [info]  download-progress
[2024-11-21 17:56:39.569] [info]  {
  total: 83738467,
  delta: 9735260,
  transferred: 72666204,
  percent: 86.77756663493732,
  bytesPerSecond: 14242690
}
[2024-11-21 17:56:40.163] [info]  download-progress
[2024-11-21 17:56:40.164] [info]  {
  total: 83738467,
  delta: 11072263,
  transferred: 83738467,
  percent: 100,
  bytesPerSecond: 14701276
}
[2024-11-21 17:56:40.170] [info]  update-downloaded
[2024-11-21 17:57:07.854] [info]  APP version: 1.0.9
[2024-11-21 17:57:10.197] [info]  checking for update...
[2024-11-21 17:57:12.330] [info]  update-not-available
